<?xml version="1.0" encoding="UTF-8"?>
<!-- Generated by org.testng.reporters.JUnitXMLReporter -->
<testsuite hostname="Workstation" name="Default test" tests="7" failures="0" timestamp="25 Feb 2014 20:27:47 GMT" time="4.985" errors="0">
  <testcase name="getServer" time="0.533" classname="com.enablens.dfa.base.DcnmAuthTokenTest"/>
  <testcase name="getToken" time="0.018" classname="com.enablens.dfa.base.DcnmAuthTokenTest"/>
  <testcase name="netFailToken" time="2.308" classname="com.enablens.dfa.base.DcnmAuthTokenTest"/>
  <testcase name="refreshState" time="1.058" classname="com.enablens.dfa.base.DcnmAuthTokenTest"/>
  <testcase name="staleToken" time="1.01" classname="com.enablens.dfa.base.DcnmAuthTokenTest"/>
  <testcase name="userAuthFailToken" time="0.0090" classname="com.enablens.dfa.base.DcnmAuthTokenTest"/>
  <testcase name="validToken" time="0.022" classname="com.enablens.dfa.base.DcnmAuthTokenTest"/>
</testsuite> <!-- Default test -->
