<?xml version="1.0" encoding="UTF-8"?>
<!-- Generated by org.testng.reporters.JUnitXMLReporter -->
<testsuite hostname="Workstation" name="Default test" tests="8" failures="0" timestamp="26 Feb 2014 10:02:03 GMT" time="4.912" errors="0">
  <testcase name="getServer" time="0.491" classname="com.enablens.dfa.base.DcnmAuthTokenTest"/>
  <testcase name="getToken" time="0.016" classname="com.enablens.dfa.base.DcnmAuthTokenTest"/>
  <testcase name="netFailToken" time="2.253" classname="com.enablens.dfa.base.DcnmAuthTokenTest"/>
  <testcase name="refreshState" time="1.057" classname="com.enablens.dfa.base.DcnmAuthTokenTest"/>
  <testcase name="staleToken" time="1.01" classname="com.enablens.dfa.base.DcnmAuthTokenTest"/>
  <testcase name="toStringTest" time="0.039" classname="com.enablens.dfa.base.DcnmAuthTokenTest"/>
  <testcase name="userAuthFailToken" time="0.0090" classname="com.enablens.dfa.base.DcnmAuthTokenTest"/>
  <testcase name="validToken" time="0.012" classname="com.enablens.dfa.base.DcnmAuthTokenTest"/>
</testsuite> <!-- Default test -->
