<?xml version="1.0" encoding="UTF-8"?>
<testng-results skipped="0" failed="0" total="8" passed="8">
  <reporter-output>
  </reporter-output>
  <suite name="Default suite" duration-ms="4912" started-at="2014-02-26T10:01:58Z" finished-at="2014-02-26T10:02:03Z">
    <groups>
    </groups>
    <test name="Default test" duration-ms="4912" started-at="2014-02-26T10:01:58Z" finished-at="2014-02-26T10:02:03Z">
      <class name="com.enablens.dfa.base.DcnmAuthTokenTest">
        <test-method status="PASS" signature="getServer()[pri:0, instance:com.enablens.dfa.base.DcnmAuthTokenTest@68da4b71]" name="getServer" duration-ms="491" started-at="2014-02-26T10:01:58Z" finished-at="2014-02-26T10:01:58Z">
          <reporter-output>
          </reporter-output>
        </test-method> <!-- getServer -->
        <test-method status="PASS" signature="getToken()[pri:0, instance:com.enablens.dfa.base.DcnmAuthTokenTest@68da4b71]" name="getToken" duration-ms="16" started-at="2014-02-26T10:01:58Z" finished-at="2014-02-26T10:01:58Z">
          <reporter-output>
          </reporter-output>
        </test-method> <!-- getToken -->
        <test-method status="PASS" signature="netFailToken()[pri:0, instance:com.enablens.dfa.base.DcnmAuthTokenTest@68da4b71]" name="netFailToken" duration-ms="2253" started-at="2014-02-26T10:01:58Z" finished-at="2014-02-26T10:02:01Z">
          <reporter-output>
          </reporter-output>
        </test-method> <!-- netFailToken -->
        <test-method status="PASS" signature="refreshState()[pri:0, instance:com.enablens.dfa.base.DcnmAuthTokenTest@68da4b71]" name="refreshState" duration-ms="1057" started-at="2014-02-26T10:02:01Z" finished-at="2014-02-26T10:02:02Z">
          <reporter-output>
          </reporter-output>
        </test-method> <!-- refreshState -->
        <test-method status="PASS" signature="staleToken()[pri:0, instance:com.enablens.dfa.base.DcnmAuthTokenTest@68da4b71]" name="staleToken" duration-ms="1010" started-at="2014-02-26T10:02:02Z" finished-at="2014-02-26T10:02:03Z">
          <reporter-output>
          </reporter-output>
        </test-method> <!-- staleToken -->
        <test-method status="PASS" signature="toStringTest()[pri:0, instance:com.enablens.dfa.base.DcnmAuthTokenTest@68da4b71]" name="toStringTest" duration-ms="39" started-at="2014-02-26T10:02:03Z" finished-at="2014-02-26T10:02:03Z">
          <reporter-output>
          </reporter-output>
        </test-method> <!-- toStringTest -->
        <test-method status="PASS" signature="userAuthFailToken()[pri:0, instance:com.enablens.dfa.base.DcnmAuthTokenTest@68da4b71]" name="userAuthFailToken" duration-ms="9" started-at="2014-02-26T10:02:03Z" finished-at="2014-02-26T10:02:03Z">
          <reporter-output>
          </reporter-output>
        </test-method> <!-- userAuthFailToken -->
        <test-method status="PASS" signature="validToken()[pri:0, instance:com.enablens.dfa.base.DcnmAuthTokenTest@68da4b71]" name="validToken" duration-ms="12" started-at="2014-02-26T10:02:03Z" finished-at="2014-02-26T10:02:03Z">
          <reporter-output>
          </reporter-output>
        </test-method> <!-- validToken -->
      </class> <!-- com.enablens.dfa.base.DcnmAuthTokenTest -->
    </test> <!-- Default test -->
  </suite> <!-- Default suite -->
</testng-results>
